<?xml version="1.0" encoding="UTF-8"?>
<testng-results ignored="0" total="4" passed="4" failed="0" skipped="0">
  <reporter-output>
  </reporter-output>
  <suite started-at="2023-01-28T09:15:46 IST" name="Default suite" finished-at="2023-01-28T09:17:35 IST" duration-ms="109516">
    <groups>
    </groups>
    <test started-at="2023-01-28T09:15:46 IST" name="Default test" finished-at="2023-01-28T09:17:35 IST" duration-ms="109516">
      <class name="com.RSJald.SwahLabsTestingLearning.ALLUsersTest">
        <test-method signature="testLoginUsers(java.util.HashMap)[pri:0, instance:com.RSJald.SwahLabsTestingLearning.ALLUsersTest@2a798d51]" started-at="2023-01-28T09:15:47 IST" name="testLoginUsers" data-provider="getData" finished-at="2023-01-28T09:16:27 IST" duration-ms="40581" status="PASS">
          <params>
            <param index="0">
              <value>
                <![CDATA[{password=secret_sauce, username=standard_user}]]>
              </value>
            </param>
          </params>
          <reporter-output>
          </reporter-output>
        </test-method> <!-- testLoginUsers -->
        <test-method signature="testLoginUsers(java.util.HashMap)[pri:0, instance:com.RSJald.SwahLabsTestingLearning.ALLUsersTest@2a798d51]" started-at="2023-01-28T09:16:27 IST" name="testLoginUsers" data-provider="getData" finished-at="2023-01-28T09:17:04 IST" duration-ms="36908" status="PASS">
          <params>
            <param index="0">
              <value>
                <![CDATA[{password=secret_sauce, username=performance_glitch_user}]]>
              </value>
            </param>
          </params>
          <reporter-output>
          </reporter-output>
        </test-method> <!-- testLoginUsers -->
        <test-method signature="testLoginUsers(java.util.HashMap)[pri:0, instance:com.RSJald.SwahLabsTestingLearning.ALLUsersTest@2a798d51]" started-at="2023-01-28T09:17:04 IST" name="testLoginUsers" data-provider="getData" finished-at="2023-01-28T09:17:23 IST" duration-ms="19139" status="PASS">
          <params>
            <param index="0">
              <value>
                <![CDATA[{password=secret_sauce, username=problem_user}]]>
              </value>
            </param>
          </params>
          <reporter-output>
          </reporter-output>
        </test-method> <!-- testLoginUsers -->
        <test-method signature="testLoginUsers(java.util.HashMap)[pri:0, instance:com.RSJald.SwahLabsTestingLearning.ALLUsersTest@2a798d51]" started-at="2023-01-28T09:17:23 IST" name="testLoginUsers" data-provider="getData" finished-at="2023-01-28T09:17:35 IST" duration-ms="12057" status="PASS">
          <params>
            <param index="0">
              <value>
                <![CDATA[{password=secret_sauce, username=locked_out_user}]]>
              </value>
            </param>
          </params>
          <reporter-output>
          </reporter-output>
        </test-method> <!-- testLoginUsers -->
      </class> <!-- com.RSJald.SwahLabsTestingLearning.ALLUsersTest -->
    </test> <!-- Default test -->
  </suite> <!-- Default suite -->
</testng-results>
