<?xml version="1.0" encoding="UTF-8"?>
<!-- Generated by org.testng.reporters.JUnitXMLReporter -->
<testsuite ignored="0" hostname="RSJALD" failures="0" tests="4" name="Default test" time="109.516" errors="0" timestamp="2023-01-28T09:17:36 IST">
  <testcase classname="com.RSJald.SwahLabsTestingLearning.ALLUsersTest" name="testLoginUsers" time="40.581"/>
  <testcase classname="com.RSJald.SwahLabsTestingLearning.ALLUsersTest" name="testLoginUsers" time="36.908"/>
  <testcase classname="com.RSJald.SwahLabsTestingLearning.ALLUsersTest" name="testLoginUsers" time="19.139"/>
  <testcase classname="com.RSJald.SwahLabsTestingLearning.ALLUsersTest" name="testLoginUsers" time="12.057"/>
</testsuite> <!-- Default test -->
